{
  "RSpec": {
    "coverage": {
      "/Users/student/Makers/week4/bookmark-manager/spec/bookmark_spec.rb": {
        "lines": [
          1,
          1,
          1,
          null,
          1,
          null,
          1,
          1,
          1,
          null,
          1,
          1,
          null,
          null
        ]
      },
      "/Users/student/Makers/week4/bookmark-manager/spec/feature/bookmark_feature_spec.rb": {
        "lines": [
          1,
          null,
          1,
          1,
          1,
          null,
          1,
          1,
          1,
          null,
          1,
          1,
          null,
          null,
          null
        ]
      }
    },
    "timestamp": 1600812889
  }
}
